2019-11-20 15:06:42,871 - DEBUG - E:\迅雷下载
2019-11-20 15:09:15,124 - DEBUG - E:\迅雷下载
2019-11-20 15:09:45,571 - DEBUG - E:\迅雷下载
2019-11-20 15:09:59,009 - DEBUG - E:\迅雷下载
2019-11-20 15:09:59,169 - DEBUG - ['[成长系列].The.Up.Series.14.up.1970.dixv4.mp3.avi', 'e9b47c9651452bc77ca2aec3cb156a3002b3ba5710a0e88b50e26595574751dd', 417803032]
2019-11-20 15:09:59,297 - DEBUG - ['[成长系列].the.up.series.21.up.1977.dixv4.mp3.avi', '358e1332b86427decaca18d3d57c97d9be096c25c10d81542bcc9d6a5ce845eb', 821739824]
2019-11-20 15:09:59,419 - DEBUG - ['[成长系列].The.Up.Series.35.Up.1991.Dixv4.Mp3.avi', '1641fbe8869682691db5e95eb852b201836c9c99bf49807c9f4e044218f4e986', 1072337892]
2019-11-20 15:09:59,541 - DEBUG - ['[成长系列].The.Up.Series.42.Up.1998.Dixv4.Mp3.avi', '5fc8a130016c98af4e21e9c80c540d7adeacd9ce0a705fac50d75c463d5fe23c', 1123618664]
2019-11-20 15:09:59,663 - DEBUG - ['[成长系列].The.Up.Series.49.Up.2005.1Of2.Divx5.Mp3.avi', 'f5c309c55ff9332fac3a7da9af14b0ea4c8f61136b28fea41f4a791005678920', 556005376]
2019-11-20 15:09:59,789 - DEBUG - ['[成长系列].The.Up.Series.7.up.1964.dixv4.mp3.avi', '9b2875d90fd040bfc585c8f0bae9b29bea195c6a38d4347b1e99ec5a542d7c71', 396041688]
2019-11-20 15:09:59,918 - DEBUG - ['张志春详解《奇门遁甲秘笈大全》.pdf', '489462ad538b933a5d7d977b022cdcdef8cba30e9a9e588dc2714113ce1160a4', 4741561]
2019-11-20 15:10:00,063 - DEBUG - ['李虚中命书.pdf', '25ffbc755bb7801bf622fdbfc6e28da6fa6ec4e4cc21cd3fb01a305821d46a42', 22842412]
2019-11-20 15:10:00,209 - DEBUG - ['迅雷下载.db', '7017031322dd37828483044e4e4a0651c56e410dd8edeb4533f9713dec2eec39', 8192]
2019-11-20 17:12:33,656 - DEBUG - E:\迅雷下载
2019-11-20 17:12:33,846 - DEBUG - ['[成长系列].The.Up.Series.14.up.1970.dixv4.mp3.avi', 'e9b47c9651452bc77ca2aec3cb156a3002b3ba5710a0e88b50e26595574751dd', 417803032]
2019-11-20 18:05:56,085 - DEBUG - E:\迅雷下载
2019-11-20 18:05:56,322 - DEBUG - ['[成长系列].The.Up.Series.14.up.1970.dixv4.mp3.avi', 'e9b47c9651452bc77ca2aec3cb156a3002b3ba5710a0e88b50e26595574751dd', 417803032]
2019-11-20 18:05:56,403 - DEBUG - ['[成长系列].The.Up.Series.14.up.1970.dixv4.mp3.avi', 'e9b47c9651452bc77ca2aec3cb156a3002b3ba5710a0e88b50e26595574751dd', 417803032, '223637', '55169095435292223', 417803032, '2016-05-01 18:38:11']
2019-11-20 18:05:56,544 - DEBUG - ['[成长系列].the.up.series.21.up.1977.dixv4.mp3.avi', '358e1332b86427decaca18d3d57c97d9be096c25c10d81542bcc9d6a5ce845eb', 821739824]
2019-11-20 18:05:56,677 - DEBUG - ['[成长系列].the.up.series.21.up.1977.dixv4.mp3.avi', '358e1332b86427decaca18d3d57c97d9be096c25c10d81542bcc9d6a5ce845eb', 821739824, '223637', '60235645016083985', 821739824, '2016-05-01 19:00:05']
2019-11-20 18:05:56,810 - DEBUG - ['[成长系列].The.Up.Series.35.Up.1991.Dixv4.Mp3.avi', '1641fbe8869682691db5e95eb852b201836c9c99bf49807c9f4e044218f4e986', 1072337892]
2019-11-20 18:05:56,914 - DEBUG - ['[成长系列].The.Up.Series.35.Up.1991.Dixv4.Mp3.avi', '1641fbe8869682691db5e95eb852b201836c9c99bf49807c9f4e044218f4e986', 1072337892, '223637', '55450570412002871', 1072337892, '2016-05-01 19:06:17']
2019-11-20 18:05:57,029 - DEBUG - ['[成长系列].The.Up.Series.42.Up.1998.Dixv4.Mp3.avi', '5fc8a130016c98af4e21e9c80c540d7adeacd9ce0a705fac50d75c463d5fe23c', 1123618664]
2019-11-20 18:05:57,121 - DEBUG - ['[成长系列].The.Up.Series.42.Up.1998.Dixv4.Mp3.avi', '5fc8a130016c98af4e21e9c80c540d7adeacd9ce0a705fac50d75c463d5fe23c', 1123618664, '223637', '57702370225688111', 1123618664, '2016-05-01 19:02:12']
2019-11-20 18:05:57,312 - DEBUG - ['[成长系列].The.Up.Series.49.Up.2005.1Of2.Divx5.Mp3.avi', 'f5c309c55ff9332fac3a7da9af14b0ea4c8f61136b28fea41f4a791005678920', 556005376]
2019-11-20 18:05:57,451 - DEBUG - ['[成长系列].The.Up.Series.49.Up.2005.1Of2.Divx5.Mp3.avi', 'f5c309c55ff9332fac3a7da9af14b0ea4c8f61136b28fea41f4a791005678920', 556005376, '223637', '55169095435292217', 556005376, '2016-05-01 18:50:11']
2019-11-20 18:05:57,780 - DEBUG - ['[成长系列].The.Up.Series.7.up.1964.dixv4.mp3.avi', '9b2875d90fd040bfc585c8f0bae9b29bea195c6a38d4347b1e99ec5a542d7c71', 396041688]
2019-11-20 18:05:58,012 - DEBUG - ['[成长系列].The.Up.Series.7.up.1964.dixv4.mp3.avi', '9b2875d90fd040bfc585c8f0bae9b29bea195c6a38d4347b1e99ec5a542d7c71', 396041688, '223637', '1125899906846154', 396041688, '2016-04-18 14:52:09']
2019-11-20 18:05:58,130 - DEBUG - ['张志春详解《奇门遁甲秘笈大全》.pdf', '489462ad538b933a5d7d977b022cdcdef8cba30e9a9e588dc2714113ce1160a4', 4741561]
2019-11-20 18:05:58,218 - DEBUG - ['张志春详解《奇门遁甲秘笈大全》.pdf', '489462ad538b933a5d7d977b022cdcdef8cba30e9a9e588dc2714113ce1160a4', 4741561, '223637', '562949953441833', 4741561, '2016-12-18 22:46:12']
2019-11-20 18:05:58,318 - DEBUG - ['李虚中命书.pdf', '25ffbc755bb7801bf622fdbfc6e28da6fa6ec4e4cc21cd3fb01a305821d46a42', 22842412]
2019-11-20 18:05:58,408 - DEBUG - ['李虚中命书.pdf', '25ffbc755bb7801bf622fdbfc6e28da6fa6ec4e4cc21cd3fb01a305821d46a42', 22842412, '223637', '1407374883573802', 22842412, '2016-12-18 23:04:32']
2019-11-20 18:05:58,505 - DEBUG - ['迅雷下载.db', 'd2f2b0f97a8ffb8f97150264a0c32290dd4e13e5122115f68dee72f7250c513e', 12288]
2019-11-20 18:05:58,587 - DEBUG - ['迅雷下载.db', 'd2f2b0f97a8ffb8f97150264a0c32290dd4e13e5122115f68dee72f7250c513e', 12288, '223637', '1125899907036853', 12288, '2019-11-20 18:05:58']
2019-11-23 10:28:52,341 - DEBUG - H:\MY_INTEREST\Move\h
H:\MY_INTEREST\Move\h
2019-11-23 10:28:52,381 - DEBUG - UNIQUE constraint failed: SignatureLib.hash  name is 1003-[FHD]RBD-625_onekeybatch.mp4
UNIQUE constraint failed: SignatureLib.hash  name is 1003-[FHD]RBD-625_onekeybatch.mp4
2019-11-23 10:28:57,472 - DEBUG - database is locked  path is H:\MY_INTEREST\Move\h\1003-[FHD]RBD-625_onekeybatch.mp4
database is locked  path is H:\MY_INTEREST\Move\h\1003-[FHD]RBD-625_onekeybatch.mp4
2019-11-23 10:28:57,493 - DEBUG - UNIQUE constraint failed: SignatureLib.hash  name is 1218-GVG-081_onekeybatch.mp4
UNIQUE constraint failed: SignatureLib.hash  name is 1218-GVG-081_onekeybatch.mp4
2019-11-23 10:29:02,657 - DEBUG - database is locked  path is H:\MY_INTEREST\Move\h\1218-GVG-081_onekeybatch.mp4
database is locked  path is H:\MY_INTEREST\Move\h\1218-GVG-081_onekeybatch.mp4
2019-11-23 10:29:02,697 - DEBUG - UNIQUE constraint failed: SignatureLib.hash  name is ALSP-43-RMVB.rmvb
UNIQUE constraint failed: SignatureLib.hash  name is ALSP-43-RMVB.rmvb
2019-11-23 10:29:07,748 - DEBUG - database is locked  path is H:\MY_INTEREST\Move\h\ALSP-43-RMVB.rmvb
database is locked  path is H:\MY_INTEREST\Move\h\ALSP-43-RMVB.rmvb
2019-11-23 10:29:07,764 - DEBUG - UNIQUE constraint failed: SignatureLib.hash  name is arm-463.mp4
UNIQUE constraint failed: SignatureLib.hash  name is arm-463.mp4
2019-11-23 10:29:12,901 - DEBUG - database is locked  path is H:\MY_INTEREST\Move\h\arm-463.mp4
database is locked  path is H:\MY_INTEREST\Move\h\arm-463.mp4
2019-11-23 10:29:12,916 - DEBUG - UNIQUE constraint failed: SignatureLib.hash  name is avnt-005.mp4
UNIQUE constraint failed: SignatureLib.hash  name is avnt-005.mp4
2019-11-23 10:29:18,030 - DEBUG - database is locked  path is H:\MY_INTEREST\Move\h\avnt-005.mp4
database is locked  path is H:\MY_INTEREST\Move\h\avnt-005.mp4
2019-11-23 10:29:18,046 - DEBUG - UNIQUE constraint failed: SignatureLib.hash  name is BCV-018B.mp4
UNIQUE constraint failed: SignatureLib.hash  name is BCV-018B.mp4
2019-11-23 10:29:23,206 - DEBUG - database is locked  path is H:\MY_INTEREST\Move\h\BCV-018B.mp4
database is locked  path is H:\MY_INTEREST\Move\h\BCV-018B.mp4
2019-11-23 10:29:23,241 - DEBUG - UNIQUE constraint failed: SignatureLib.hash  name is BEAF3AC0A211F594028DC6E99AC58B16.mp4
UNIQUE constraint failed: SignatureLib.hash  name is BEAF3AC0A211F594028DC6E99AC58B16.mp4
